<?xml version="1.0" encoding="UTF-8"?>
<!-- Generated by org.testng.reporters.JUnitXMLReporter -->
<testsuite ignored="0" hostname="Pari" failures="0" tests="3" name="Default test" time="10.963" errors="0" timestamp="2022-09-19T14:33:40 IST">
  <testcase classname="com.employeeapi.testCases.TC001_Get_All_Employees" name="statusCodeTest" time="0.025"/>
  <testcase classname="com.employeeapi.testCases.TC001_Get_All_Employees" name="validateSuccessMessage" time="1.133"/>
  <testcase classname="com.employeeapi.testCases.TC001_Get_All_Employees" name="validateSuccessStatus" time="0.085"/>
</testsuite> <!-- Default test -->
